<?xml version="1.0" encoding="UTF-8"?>
<testng-results ignored="0" total="1" passed="1" failed="0" skipped="0">
  <reporter-output>
  </reporter-output>
  <suite started-at="2023-12-28T09:27:53 IST" name="Default suite" finished-at="2023-12-28T09:28:03 IST" duration-ms="10048">
    <groups>
    </groups>
    <test started-at="2023-12-28T09:27:53 IST" name="Default test" finished-at="2023-12-28T09:28:03 IST" duration-ms="10048">
      <class name="seleniumBasics.TextBoxExample">
        <test-method signature="textBox()[pri:0, instance:seleniumBasics.TextBoxExample@1139b2f3]" started-at="2023-12-28T09:27:53 IST" name="textBox" finished-at="2023-12-28T09:28:03 IST" duration-ms="10021" status="PASS">
          <reporter-output>
          </reporter-output>
        </test-method> <!-- textBox -->
      </class> <!-- seleniumBasics.TextBoxExample -->
    </test> <!-- Default test -->
  </suite> <!-- Default suite -->
</testng-results>
